[ 2015-09-22T09:20:02+08:00 ] 127.0.0.1 /
INFO: [ app_init ] --START--
INFO: Run Behavior\BuildLiteBehavior [ RunTime:0.000000s ]
INFO: [ app_init ] --END-- [ RunTime:0.004000s ]
INFO: [ app_begin ] --START--
INFO: Run Behavior\ReadHtmlCacheBehavior [ RunTime:0.071004s ]
INFO: Run Behavior\CheckLangBehavior [ RunTime:0.045002s ]
INFO: [ app_begin ] --END-- [ RunTime:0.116006s ]
SQL: SHOW COLUMNS FROM `carousel` [ RunTime:0.2990s ]
SQL: SELECT `id`,`url`,`picture`,`type` FROM `carousel` WHERE ( type=1 and display=1 ) ORDER BY sort  [ RunTime:0.0010s ]
SQL: SHOW COLUMNS FROM `product` [ RunTime:0.2360s ]
SQL: SELECT `id`,`picture`,`name`,`op_type`,`url` FROM `product` WHERE ( op_type in (1,2,3) )  [ RunTime:0.0000s ]
SQL: SHOW COLUMNS FROM `business_type` [ RunTime:0.1170s ]
SQL: SELECT `id`,`name`,`industry` FROM `business_type` WHERE ( status=1 ) ORDER BY sort asc LIMIT 4   [ RunTime:0.0000s ]
SQL: SHOW COLUMNS FROM `business` [ RunTime:0.1560s ]
SQL: SELECT b.title,b.id,a.picture FROM business a INNER JOIN activity b on b.business_id = a.id  WHERE (  a.industry like '%[22]%'  or  a.industry like '%[25]%'  and a.status = 1 and a.city_id=1301 and b.status =1 and b.start_time <= 1442884800 and b.end_time >=1442884800 ) LIMIT 8   [ RunTime:0.1560s ]
SQL: SELECT b.title,b.id,a.picture FROM business a INNER JOIN activity b on b.business_id = a.id  WHERE (  a.industry like '%[22]%'  or  a.industry like '%[25]%'  and a.status = 1 and a.city_id=1301 and b.status =1 and b.start_time <= 1442884800 and b.end_time >=1442884800 ) LIMIT 8   [ RunTime:0.0010s ]
SQL: SELECT b.title,b.id,a.picture FROM business a INNER JOIN activity b on b.business_id = a.id  WHERE (  a.industry like '%[22]%'  and a.status = 1 and a.city_id=1301 and b.status =1 and b.start_time <= 1442884800 and b.end_time >=1442884800 ) LIMIT 8   [ RunTime:0.0010s ]
SQL: SHOW COLUMNS FROM `content` [ RunTime:0.2620s ]
SQL: SELECT `id`,`title`,`created_at` FROM `content` WHERE ( category=2 and display=1 and site like '%[1]%' ) ORDER BY sort asc  [ RunTime:0.0000s ]
SQL: SHOW COLUMNS FROM `partner` [ RunTime:0.2800s ]
SQL: SELECT `id`,`name`,`picture`,`url` FROM `partner` WHERE ( display=1 ) ORDER BY sort asc  [ RunTime:0.0010s ]
SQL: SHOW COLUMNS FROM `area` [ RunTime:0.1580s ]
SQL: SELECT `id`,`name` FROM `area` WHERE ( parent = 13 )  [ RunTime:0.0000s ]
SQL: SELECT `id`,`name` FROM `area` WHERE ( id = 1301 ) LIMIT 1   [ RunTime:0.0010s ]
SQL: SHOW COLUMNS FROM `web` [ RunTime:0.1760s ]
SQL: SELECT `id`,`name`,`site`,`abbr`,`filling_number`,`title`,`keyword`,`weibo`,`describe`,`head_logo` FROM `web` LIMIT 1   [ RunTime:0.0010s ]
INFO: [ view_parse ] --START--
INFO: [ template_filter ] --START--
INFO: Run Behavior\ContentReplaceBehavior [ RunTime:0.000000s ]
INFO: [ template_filter ] --END-- [ RunTime:0.000000s ]
NOTIC: [8] Undefined offset: 0 F:\use\wnmp\tp\Application\Runtime\Cache\Home\2a94b8bda04ff446dcedd42276fc99ee.php 第 211 行.
NOTIC: [8] Undefined index: business F:\use\wnmp\tp\Application\Runtime\Cache\Home\2a94b8bda04ff446dcedd42276fc99ee.php 第 211 行.
NOTIC: [8] Undefined index: business F:\use\wnmp\tp\Application\Runtime\Cache\Home\2a94b8bda04ff446dcedd42276fc99ee.php 第 220 行.
INFO: Run Behavior\ParseTemplateBehavior [ RunTime:0.852048s ]
INFO: [ view_parse ] --END-- [ RunTime:0.852048s ]
INFO: [ view_filter ] --START--
INFO: Run Behavior\WriteHtmlCacheBehavior [ RunTime:0.068004s ]
INFO: [ view_filter ] --END-- [ RunTime:0.068004s ]
INFO: [ app_end ] --START--
INFO: Run Behavior\ShowPageTraceBehavior [ RunTime:0.065004s ]
INFO: [ app_end ] --END-- [ RunTime:0.065004s ]

[ 2015-09-22T09:20:02+08:00 ] 127.0.0.1 /
INFO: [ app_init ] --START--
INFO: Run Behavior\BuildLiteBehavior [ RunTime:0.000000s ]
INFO: [ app_init ] --END-- [ RunTime:0.001000s ]
INFO: [ app_begin ] --START--
INFO: Run Behavior\ReadHtmlCacheBehavior [ RunTime:0.001000s ]
INFO: Run Behavior\CheckLangBehavior [ RunTime:0.001000s ]
INFO: [ app_begin ] --END-- [ RunTime:0.002000s ]
SQL: SHOW COLUMNS FROM `carousel` [ RunTime:0.0130s ]
SQL: SELECT `id`,`url`,`picture`,`type` FROM `carousel` WHERE ( type=1 and display=1 ) ORDER BY sort  [ RunTime:0.0010s ]
SQL: SHOW COLUMNS FROM `product` [ RunTime:0.0100s ]
SQL: SELECT `id`,`picture`,`name`,`op_type`,`url` FROM `product` WHERE ( op_type in (1,2,3) )  [ RunTime:0.0010s ]
SQL: SHOW COLUMNS FROM `business_type` [ RunTime:0.0100s ]
SQL: SELECT `id`,`name`,`industry` FROM `business_type` WHERE ( status=1 ) ORDER BY sort asc LIMIT 4   [ RunTime:0.0010s ]
SQL: SHOW COLUMNS FROM `business` [ RunTime:0.0130s ]
SQL: SELECT b.title,b.id,a.picture FROM business a INNER JOIN activity b on b.business_id = a.id  WHERE (  a.industry like '%[22]%'  or  a.industry like '%[25]%'  and a.status = 1 and a.city_id=1301 and b.status =1 and b.start_time <= 1442884802 and b.end_time >=1442884802 ) LIMIT 8   [ RunTime:0.0010s ]
SQL: SELECT b.title,b.id,a.picture FROM business a INNER JOIN activity b on b.business_id = a.id  WHERE (  a.industry like '%[22]%'  or  a.industry like '%[25]%'  and a.status = 1 and a.city_id=1301 and b.status =1 and b.start_time <= 1442884802 and b.end_time >=1442884802 ) LIMIT 8   [ RunTime:0.0000s ]
SQL: SELECT b.title,b.id,a.picture FROM business a INNER JOIN activity b on b.business_id = a.id  WHERE (  a.industry like '%[22]%'  and a.status = 1 and a.city_id=1301 and b.status =1 and b.start_time <= 1442884802 and b.end_time >=1442884802 ) LIMIT 8   [ RunTime:0.0000s ]
SQL: SHOW COLUMNS FROM `content` [ RunTime:0.0110s ]
SQL: SELECT `id`,`title`,`created_at` FROM `content` WHERE ( category=2 and display=1 and site like '%[1]%' ) ORDER BY sort asc  [ RunTime:0.0010s ]
SQL: SHOW COLUMNS FROM `partner` [ RunTime:0.0140s ]
SQL: SELECT `id`,`name`,`picture`,`url` FROM `partner` WHERE ( display=1 ) ORDER BY sort asc  [ RunTime:0.0000s ]
SQL: SHOW COLUMNS FROM `area` [ RunTime:0.0100s ]
SQL: SELECT `id`,`name` FROM `area` WHERE ( parent = 13 )  [ RunTime:0.0000s ]
SQL: SELECT `id`,`name` FROM `area` WHERE ( id = 1301 ) LIMIT 1   [ RunTime:0.0000s ]
SQL: SHOW COLUMNS FROM `web` [ RunTime:0.0110s ]
SQL: SELECT `id`,`name`,`site`,`abbr`,`filling_number`,`title`,`keyword`,`weibo`,`describe`,`head_logo` FROM `web` LIMIT 1   [ RunTime:0.0010s ]
INFO: [ view_parse ] --START--
INFO: [ template_filter ] --START--
INFO: Run Behavior\ContentReplaceBehavior [ RunTime:0.000000s ]
INFO: [ template_filter ] --END-- [ RunTime:0.001000s ]
NOTIC: [8] Undefined offset: 0 F:\use\wnmp\tp\Application\Runtime\Cache\Home\2a94b8bda04ff446dcedd42276fc99ee.php 第 211 行.
NOTIC: [8] Undefined index: business F:\use\wnmp\tp\Application\Runtime\Cache\Home\2a94b8bda04ff446dcedd42276fc99ee.php 第 211 行.
NOTIC: [8] Undefined index: business F:\use\wnmp\tp\Application\Runtime\Cache\Home\2a94b8bda04ff446dcedd42276fc99ee.php 第 220 行.
INFO: Run Behavior\ParseTemplateBehavior [ RunTime:0.026001s ]
INFO: [ view_parse ] --END-- [ RunTime:0.026001s ]
INFO: [ view_filter ] --START--
INFO: Run Behavior\WriteHtmlCacheBehavior [ RunTime:0.001000s ]
INFO: [ view_filter ] --END-- [ RunTime:0.001000s ]
INFO: [ app_end ] --START--
INFO: Run Behavior\ShowPageTraceBehavior [ RunTime:0.001000s ]
INFO: [ app_end ] --END-- [ RunTime:0.001000s ]

